<?xml version="1.0" encoding="UTF-8"?>
<!-- Generated by org.testng.reporters.JUnitReportReporter -->
<testsuite hostname="DESKTOP-V6FT0NM" failures="0" tests="1" name="testCase.ExecuteTestZaleniumFirefox" time="6.506" errors="0" timestamp="28 Apr 2024 21:42:26 GMT">
  <testcase classname="testCase.ExecuteTestZaleniumFirefox" name="test1" time="6.506"/>
</testsuite> <!-- testCase.ExecuteTestZaleniumFirefox -->
